<?xml version="1.0" encoding="UTF-8"?>
<!-- Generated by org.testng.reporters.JUnitReportReporter -->
<testsuite hostname="DESKTOP-VVCN89N" failures="0" tests="1" name="testcases.VerifyNewToursRegistration" time="10.596" errors="0" timestamp="2023-05-07T09:13:50 IST" skipped="0">
  <testcase classname="testcases.VerifyNewToursRegistration" name="VerifyRegistration" time="10.596"/>
  <system-out/>
</testsuite> <!-- testcases.VerifyNewToursRegistration -->
