<?xml version="1.0" encoding="UTF-8"?>
<!-- Generated by org.testng.reporters.JUnitReportReporter -->
<testsuite hostname="DESKTOP-VVCN89N" failures="0" tests="2" name="testcases.VerifyApplicationHomePageTitle" time="11.515" errors="0" timestamp="2023-05-13T09:11:32 IST" skipped="0">
  <testcase classname="testcases.VerifyApplicationHomePageTitle" name="VerifyRegistration" time="4.321"/>
  <system-out/>
  <testcase classname="testcases.VerifyApplicationHomePageTitle" name="verifyPageTitle" time="7.194"/>
  <system-out/>
</testsuite> <!-- testcases.VerifyApplicationHomePageTitle -->
