<?xml version="1.0" encoding="UTF-8"?>
<!-- Generated by org.testng.reporters.JUnitReportReporter -->
<testsuite hostname="DESKTOP-VVCN89N" failures="0" tests="1" name="testcases.VerifyCheckboxesAndRadioButtonBehaviour" time="5.587" errors="0" timestamp="2023-05-13T14:56:12 IST" skipped="0">
  <testcase classname="testcases.VerifyCheckboxesAndRadioButtonBehaviour" name="verifyCheckboxesAndRadioButtonBehaviour" time="5.587"/>
  <system-out/>
</testsuite> <!-- testcases.VerifyCheckboxesAndRadioButtonBehaviour -->
