<?xml version="1.0" encoding="UTF-8"?>
<!-- Generated by org.testng.reporters.JUnitReportReporter -->
<testsuite hostname="DESKTOP-VVCN89N" failures="0" tests="1" name="testcases.VerifyOmayoBlogHomePage" time="4.733" errors="0" timestamp="2023-05-13T14:51:58 IST" skipped="0">
  <testcase classname="testcases.VerifyOmayoBlogHomePage" name="verifyOmayoHomePage" time="4.733"/>
  <system-out>
    <![CDATA[Test case StaredverifyOmayoHomePage
Test case SuccessedverifyOmayoHomePage]]>
  </system-out>
</testsuite> <!-- testcases.VerifyOmayoBlogHomePage -->
