<?xml version="1.0" encoding="UTF-8"?>
<!-- Generated by org.testng.reporters.JUnitReportReporter -->
<testsuite hostname="DESKTOP-VVCN89N" failures="0" tests="1" name="testcases.VerifyNewToursRegistrationWithExcel" time="12.065" errors="0" timestamp="2023-05-07T09:13:01 IST" skipped="0">
  <testcase classname="testcases.VerifyNewToursRegistrationWithExcel" name="VerifyRegistration" time="12.065"/>
  <system-out/>
</testsuite> <!-- testcases.VerifyNewToursRegistrationWithExcel -->
